c:\users\ds1sqe\projects\practice\os\sky-os\chapter\commonlib\intermediate\s_copysign.obj
c:\users\ds1sqe\projects\practice\os\sky-os\chapter\commonlib\intermediate\s_ceil.obj
c:\users\ds1sqe\projects\practice\os\sky-os\chapter\commonlib\intermediate\s_cbrt.obj
c:\users\ds1sqe\projects\practice\os\sky-os\chapter\commonlib\intermediate\s_atan.obj
c:\users\ds1sqe\projects\practice\os\sky-os\chapter\commonlib\intermediate\s_asinh.obj
c:\users\ds1sqe\projects\practice\os\sky-os\chapter\commonlib\intermediate\k_sin.obj
c:\users\ds1sqe\projects\practice\os\sky-os\chapter\commonlib\intermediate\k_rem_pio2.obj
c:\users\ds1sqe\projects\practice\os\sky-os\chapter\commonlib\intermediate\k_cos.obj
c:\users\ds1sqe\projects\practice\os\sky-os\chapter\commonlib\intermediate\e_rem_pio2.obj
c:\users\ds1sqe\projects\practice\os\sky-os\chapter\commonlib\intermediate\e_log10.obj
c:\users\ds1sqe\projects\practice\os\sky-os\chapter\commonlib\intermediate\e_log.obj
c:\users\ds1sqe\projects\practice\os\sky-os\chapter\commonlib\intermediate\e_fmod.obj
c:\users\ds1sqe\projects\practice\os\sky-os\chapter\commonlib\intermediate\e_exp.obj
c:\users\ds1sqe\projects\practice\os\sky-os\chapter\commonlib\intermediate\e_atan2.obj
c:\users\ds1sqe\projects\practice\os\sky-os\chapter\commonlib\intermediate\e_asin.obj
c:\users\ds1sqe\projects\practice\os\sky-os\chapter\commonlib\intermediate\e_acos.obj
c:\users\ds1sqe\projects\practice\os\sky-os\chapter\commonlib\intermediate\math.obj
c:\users\ds1sqe\projects\practice\os\sky-os\chapter\commonlib\intermediate\ffmt.obj
c:\users\ds1sqe\projects\practice\os\sky-os\chapter\commonlib\intermediate\setjmp.obj
c:\users\ds1sqe\projects\practice\os\sky-os\chapter\commonlib\intermediate\atob.obj
c:\users\ds1sqe\projects\practice\os\sky-os\chapter\commonlib\intermediate\s_tanh.obj
c:\users\ds1sqe\projects\practice\os\sky-os\chapter\commonlib\intermediate\s_sin.obj
c:\users\ds1sqe\projects\practice\os\sky-os\chapter\commonlib\intermediate\s_significand.obj
c:\users\ds1sqe\projects\practice\os\sky-os\chapter\commonlib\intermediate\s_signgam.obj
c:\users\ds1sqe\projects\practice\os\sky-os\chapter\commonlib\intermediate\s_scalbn.obj
c:\users\ds1sqe\projects\practice\os\sky-os\chapter\commonlib\intermediate\s_rint.obj
c:\users\ds1sqe\projects\practice\os\sky-os\chapter\commonlib\intermediate\s_nextafter.obj
c:\users\ds1sqe\projects\practice\os\sky-os\chapter\commonlib\intermediate\s_modf.obj
c:\users\ds1sqe\projects\practice\os\sky-os\chapter\commonlib\intermediate\s_matherr.obj
c:\users\ds1sqe\projects\practice\os\sky-os\chapter\commonlib\intermediate\s_logb.obj
c:\users\ds1sqe\projects\practice\os\sky-os\chapter\commonlib\intermediate\s_log1p.obj
c:\users\ds1sqe\projects\practice\os\sky-os\chapter\commonlib\intermediate\s_lib_version.obj
c:\users\ds1sqe\projects\practice\os\sky-os\chapter\commonlib\intermediate\s_ldexp.obj
c:\users\ds1sqe\projects\practice\os\sky-os\chapter\commonlib\intermediate\s_isnan.obj
c:\users\ds1sqe\projects\practice\os\sky-os\chapter\commonlib\intermediate\s_ilogb.obj
c:\users\ds1sqe\projects\practice\os\sky-os\chapter\commonlib\intermediate\s_floor.obj
c:\users\ds1sqe\projects\practice\os\sky-os\chapter\commonlib\intermediate\s_finite.obj
c:\users\ds1sqe\projects\practice\os\sky-os\chapter\commonlib\intermediate\s_fabs.obj
c:\users\ds1sqe\projects\practice\os\sky-os\chapter\commonlib\intermediate\s_expm1.obj
c:\users\ds1sqe\projects\practice\os\sky-os\chapter\commonlib\intermediate\s_erf.obj
c:\users\ds1sqe\projects\practice\os\sky-os\chapter\commonlib\intermediate\wcwidth.obj
c:\users\ds1sqe\projects\practice\os\sky-os\chapter\commonlib\intermediate\wcstombs.obj
c:\users\ds1sqe\projects\practice\os\sky-os\chapter\commonlib\intermediate\wcsrchr.obj
c:\users\ds1sqe\projects\practice\os\sky-os\chapter\commonlib\intermediate\wcspbrk.obj
c:\users\ds1sqe\projects\practice\os\sky-os\chapter\commonlib\intermediate\wcsnicmp.obj
c:\users\ds1sqe\projects\practice\os\sky-os\chapter\commonlib\intermediate\wcsncpy.obj
c:\users\ds1sqe\projects\practice\os\sky-os\chapter\commonlib\intermediate\wcsncmp.obj
c:\users\ds1sqe\projects\practice\os\sky-os\chapter\commonlib\intermediate\wcslen.obj
c:\users\ds1sqe\projects\practice\os\sky-os\chapter\commonlib\intermediate\wcscpy.obj
c:\users\ds1sqe\projects\practice\os\sky-os\chapter\commonlib\intermediate\wcscmp.obj
c:\users\ds1sqe\projects\practice\os\sky-os\chapter\commonlib\intermediate\wcschr.obj
c:\users\ds1sqe\projects\practice\os\sky-os\chapter\commonlib\intermediate\wcscat.obj
c:\users\ds1sqe\projects\practice\os\sky-os\chapter\commonlib\intermediate\unicode.obj
c:\users\ds1sqe\projects\practice\os\sky-os\chapter\commonlib\intermediate\modf.obj
c:\users\ds1sqe\projects\practice\os\sky-os\chapter\commonlib\intermediate\str_util.obj
c:\users\ds1sqe\projects\practice\os\sky-os\chapter\commonlib\intermediate\string.obj
c:\users\ds1sqe\projects\practice\os\sky-os\chapter\commonlib\intermediate\stl_string.obj
c:\users\ds1sqe\projects\practice\os\sky-os\chapter\commonlib\intermediate\ostream.obj
c:\users\ds1sqe\projects\practice\os\sky-os\chapter\commonlib\intermediate\istream.obj
c:\users\ds1sqe\projects\practice\os\sky-os\chapter\commonlib\intermediate\stdio.obj
c:\users\ds1sqe\projects\practice\os\sky-os\chapter\commonlib\intermediate\sprintf.obj
c:\users\ds1sqe\projects\practice\os\sky-os\chapter\commonlib\intermediate\memory.obj
c:\users\ds1sqe\projects\practice\os\sky-os\chapter\commonlib\intermediate\jsmn.obj
c:\users\ds1sqe\projects\practice\os\sky-os\chapter\commonlib\intermediate\ctype.obj
c:\users\ds1sqe\projects\practice\os\sky-os\chapter\commonlib\intermediate\cstd.obj
c:\users\ds1sqe\projects\practice\os\sky-os\chapter\commonlib\intermediate\ctrycatch.obj
c:\users\ds1sqe\projects\practice\os\sky-os\chapter\commonlib\intermediate\vsprintf.obj
c:\users\ds1sqe\projects\practice\os\sky-os\commonlib\_ftol.obj
c:\users\ds1sqe\projects\practice\os\sky-os\chapter\debug\commonlib.lib
c:\users\ds1sqe\projects\practice\os\sky-os\chapter\commonlib\intermediate\llshl.obj
c:\users\ds1sqe\projects\practice\os\sky-os\chapter\commonlib\intermediate\ulldiv.obj
c:\users\ds1sqe\projects\practice\os\sky-os\chapter\commonlib\intermediate\ullrem.obj
